Arguments: 
  /Users/skanodia/.nvm/versions/node/v14.17.4/bin/node /Users/skanodia/.yarn/bin/yarn.js

PATH: 
  /Users/skanodia/.nvm/versions/node/v14.17.4/bin:/usr/local/opt/util-linux/bin:/Users/skanodia/.yarn/bin:/Users/skanodia/.nix-profile/bin:/Applications/Inkscape.app/Contents/MacOS:/Users/skanodia/dev/pulse-scripts/bin:/Users/skanodia/Downloads/flutter/bin:/Users/skanodia/.cargo/bin:/Users/skanodia/.config/yarn/global/node_modules/.bin:/usr/local/bin:/Users/skanodia/.sdkman/candidates/sbt/current/bin:/Users/skanodia/.sdkman/candidates/gradle/current/bin:/usr/local/bin:/usr/bin:/bin:/usr/sbin:/sbin:/opt/X11/bin:/Library/Apple/usr/bin:/Applications/VMware Fusion.app/Contents/Public:/Library/Frameworks/Mono.framework/Versions/Current/Commands

Yarn version: 
  1.22.5

Node version: 
  14.17.4

Platform: 
  darwin x64

Trace: 
  SyntaxError: /Users/skanodia/dev/renovate-repro/package.json: Unexpected token } in JSON at position 2297
      at JSON.parse (<anonymous>)
      at /Users/skanodia/.yarn/lib/cli.js:1625:59
      at Generator.next (<anonymous>)
      at step (/Users/skanodia/.yarn/lib/cli.js:310:30)
      at /Users/skanodia/.yarn/lib/cli.js:321:13

npm manifest: 
  {
    "name": "renovate-repro",
    "version": "1.0.0",
    "main": "index.js",
    "license": "MIT",
    "dependencies" : {
      "redux-thunk": "^2.2.0",
      "autoprefixer": "^9.8.6",
      "@atlaskit/atlassian-navigation": "^1.0.0",
      "@atlaskit/side-navigation": "^1.0.1",
      "@atlassian/cs-marketplace-spi": "^13.1.2",
      "@babel/cli": "^7.14.8",
      "@babel/core": "^7.15.0",
      "@babel/node": "^7.14.9",
      "@babel/plugin-proposal-export-default-from": "^7.14.5",
      "@babel/plugin-proposal-optional-chaining": "7.14.5",
      "@babel/plugin-syntax-dynamic-import": "7.8.3",
      "@babel/plugin-transform-modules-commonjs": "^7.15.0",
      "@babel/plugin-transform-runtime": "7.15.0",
      "@babel/preset-env": "7.15.0",
      "@babel/preset-flow": "7.14.5",
      "@babel/preset-react": "7.14.5",
      "@babel/preset-stage-2": "7.8.3",
      "@babel/register": "7.15.3",
      "@babel/template": "7.14.5",
      "@babel/types": "7.15.0",
      "@changesets/cli": "2.6.2",
      "@dump247/storybook-state": "^1.6.1",
      "@emotion/eslint-plugin": "^11.0.0",
      "@graphql-codegen/add": "^2.0.2",
      "@graphql-codegen/cli": "^1.21.3",
      "@graphql-codegen/flow": "^1.18.5",
      "@graphql-codegen/flow-operations": "^1.18.7",
      "@graphql-codegen/near-operation-file-preset": "^1.17.13",
      "@graphql-tools/graphql-file-loader": "^6.2.7",
      "@graphql-tools/load": "^6.2.7",
      "@graphql-tools/mock": "^7.0.0",
      "@graphql-tools/schema": "^7.1.3",
      "@hot-loader/react-dom": "^16.14.0",
      "@pmmmwh/react-refresh-webpack-plugin": "^0.4.3",
      "@storybook/addon-actions": "^5.1.10",
      "@storybook/addon-knobs": "^5.1.10",
      "@storybook/addons": "^5.1.10",
      "@storybook/react": "^5.2.4",
      "@testing-library/react-hooks": "^7.0.1",
      "autoprefixer": "^9.8.6",
      "babel-eslint": "10.1.0",
      "babel-loader": "8.2.2",
      "babel-plugin-emotion": "^10.0.33",
      "babel-plugin-import-graphql": "^2.8.1",
      "babel-plugin-jest-hoist": "^26.6.2",
      "babel-plugin-lodash": "^3.3.4",
      "babel-plugin-module-resolver": "^4.1.0",
      "babel-plugin-rewire": "1.2.0",
      "babel-preset-flow": "6.23.0",
      "babel-preset-react-optimize": "1.0.1",
      "better-npm-run": "0.1.1",
      "body-parser": "^1.19.0",
      "cli-table": "^0.3.6"
    },
    "bolt": {
      "workspaces": [
        "packages/*"
      ]
    },
  }

yarn manifest: 
  No manifest

Lockfile: 
  # THIS IS AN AUTOGENERATED FILE. DO NOT EDIT THIS FILE DIRECTLY.
  # yarn lockfile v1
  
  
  ansi-styles@^3.2.1:
    version "3.2.1"
    resolved "https://registry.yarnpkg.com/ansi-styles/-/ansi-styles-3.2.1.tgz#41fbb20243e50b12be0f04b8dedbf07520ce841d"
    integrity sha512-VT0ZI6kZRdTh8YyJw3SMbYm/u+NqfsAxEpWO0Pf9sq8/e94WxxOpPKx9FR1FlyCtOVDNOQ+8ntlqFxiRc+r5qA==
    dependencies:
      color-convert "^1.9.0"
  
  autoprefixer@^9.8.6:
    version "9.8.6"
    resolved "https://packages.atlassian.com/api/npm/npm-remote/autoprefixer/-/autoprefixer-9.8.6.tgz#3b73594ca1bf9266320c5acf1588d74dea74210f"
    integrity sha1-O3NZTKG/kmYyDFrPFYjXTep0IQ8=
    dependencies:
      browserslist "^4.12.0"
      caniuse-lite "^1.0.30001109"
      colorette "^1.2.1"
      normalize-range "^0.1.2"
      num2fraction "^1.2.2"
      postcss "^7.0.32"
      postcss-value-parser "^4.1.0"
  
  browserslist@^4.12.0:
    version "4.16.3"
    resolved "https://packages.atlassian.com/api/npm/npm-remote/browserslist/-/browserslist-4.16.3.tgz#340aa46940d7db878748567c5dea24a48ddf3717"
    integrity sha1-NAqkaUDX24eHSFZ8XeokpI3fNxc=
    dependencies:
      caniuse-lite "^1.0.30001181"
      colorette "^1.2.1"
      electron-to-chromium "^1.3.649"
      escalade "^3.1.1"
      node-releases "^1.1.70"
  
  caniuse-lite@^1.0.30001109, caniuse-lite@^1.0.30001181:
    version "1.0.30001240"
    resolved "https://packages.atlassian.com/api/npm/npm-remote/caniuse-lite/-/caniuse-lite-1.0.30001240.tgz#ec15d125b590602c8731545c5351ff054ad2d52f"
    integrity sha1-7BXRJbWQYCyHMVRcU1H/BUrS1S8=
  
  chalk@^2.4.2:
    version "2.4.2"
    resolved "https://registry.yarnpkg.com/chalk/-/chalk-2.4.2.tgz#cd42541677a54333cf541a49108c1432b44c9424"
    integrity sha512-Mti+f9lpJNcwF4tWV8/OrTTtF1gZi+f8FqlyAdouralcFWFQWF2+NgCHShjkCb+IFBLq9buZwE1xckQU4peSuQ==
    dependencies:
      ansi-styles "^3.2.1"
      escape-string-regexp "^1.0.5"
      supports-color "^5.3.0"
  
  color-convert@^1.9.0:
    version "1.9.3"
    resolved "https://registry.yarnpkg.com/color-convert/-/color-convert-1.9.3.tgz#bb71850690e1f136567de629d2d5471deda4c1e8"
    integrity sha512-QfAUtd+vFdAtFQcC8CCyYt1fYWxSqAiK2cSD6zDB8N3cpsEBAvRxp9zOGg6G/SHHJYAT88/az/IuDGALsNVbGg==
    dependencies:
      color-name "1.1.3"
  
  color-name@1.1.3:
    version "1.1.3"
    resolved "https://registry.yarnpkg.com/color-name/-/color-name-1.1.3.tgz#a7d0558bd89c42f795dd42328f740831ca53bc25"
    integrity sha1-p9BVi9icQveV3UIyj3QIMcpTvCU=
  
  colorette@^1.2.1:
    version "1.2.1"
    resolved "https://packages.atlassian.com/api/npm/npm-remote/colorette/-/colorette-1.2.1.tgz#4d0b921325c14faf92633086a536db6e89564b1b"
    integrity sha1-TQuSEyXBT6+SYzCGpTbbbolWSxs=
  
  electron-to-chromium@^1.3.649:
    version "1.3.657"
    resolved "https://packages.atlassian.com/api/npm/npm-remote/electron-to-chromium/-/electron-to-chromium-1.3.657.tgz#a9c307f2612681245738bb8d36d997cbb568d481"
    integrity sha1-qcMH8mEmgSRXOLuNNtmXy7Vo1IE=
  
  escalade@^3.1.1:
    version "3.1.1"
    resolved "https://packages.atlassian.com/api/npm/npm-remote/escalade/-/escalade-3.1.1.tgz#d8cfdc7000965c5a0174b4a82eaa5c0552742e40"
    integrity sha1-2M/ccACWXFoBdLSoLqpcBVJ0LkA=
  
  escape-string-regexp@^1.0.5:
    version "1.0.5"
    resolved "https://registry.yarnpkg.com/escape-string-regexp/-/escape-string-regexp-1.0.5.tgz#1b61c0562190a8dff6ae3bb2cf0200ca130b86d4"
    integrity sha1-G2HAViGQqN/2rjuyzwIAyhMLhtQ=
  
  has-flag@^3.0.0:
    version "3.0.0"
    resolved "https://registry.yarnpkg.com/has-flag/-/has-flag-3.0.0.tgz#b5d454dc2199ae225699f3467e5a07f3b955bafd"
    integrity sha1-tdRU3CGZriJWmfNGfloH87lVuv0=
  
  node-releases@^1.1.70:
    version "1.1.70"
    resolved "https://packages.atlassian.com/api/npm/npm-remote/node-releases/-/node-releases-1.1.70.tgz#66e0ed0273aa65666d7fe78febe7634875426a08"
    integrity sha1-ZuDtAnOqZWZtf+eP6+djSHVCagg=
  
  normalize-range@^0.1.2:
    version "0.1.2"
    resolved "https://registry.yarnpkg.com/normalize-range/-/normalize-range-0.1.2.tgz#2d10c06bdfd312ea9777695a4d28439456b75942"
    integrity sha1-LRDAa9/TEuqXd2laTShDlFa3WUI=
  
  num2fraction@^1.2.2:
    version "1.2.2"
    resolved "https://registry.yarnpkg.com/num2fraction/-/num2fraction-1.2.2.tgz#6f682b6a027a4e9ddfa4564cd2589d1d4e669ede"
    integrity sha1-b2gragJ6Tp3fpFZM0lidHU5mnt4=
  
  postcss-value-parser@^4.1.0:
    version "4.1.0"
    resolved "https://packages.atlassian.com/api/npm/npm-remote/postcss-value-parser/-/postcss-value-parser-4.1.0.tgz#443f6a20ced6481a2bda4fa8532a6e55d789a2cb"
    integrity sha1-RD9qIM7WSBor2k+oUypuVdeJoss=
  
  postcss@^7.0.32:
    version "7.0.35"
    resolved "https://packages.atlassian.com/api/npm/npm-remote/postcss/-/postcss-7.0.35.tgz#d2be00b998f7f211d8a276974079f2e92b970e24"
    integrity sha1-0r4AuZj38hHYonaXQHny6SuXDiQ=
    dependencies:
      chalk "^2.4.2"
      source-map "^0.6.1"
      supports-color "^6.1.0"
  
  redux-thunk@^2.2.0:
    version "2.3.0"
    resolved "https://packages.atlassian.com/api/npm/npm-remote/redux-thunk/-/redux-thunk-2.3.0.tgz#51c2c19a185ed5187aaa9a2d08b666d0d6467622"
    integrity sha1-UcLBmhhe1Rh6qpotCLZm0NZGdiI=
  
  source-map@^0.6.1:
    version "0.6.1"
    resolved "https://registry.yarnpkg.com/source-map/-/source-map-0.6.1.tgz#74722af32e9614e9c287a8d0bbde48b5e2f1a263"
    integrity sha512-UjgapumWlbMhkBgzT7Ykc5YXUT46F0iKu8SGXq0bcwP5dz/h0Plj6enJqjz1Zbq2l5WaqYnrVbwWOWMyF3F47g==
  
  supports-color@^5.3.0:
    version "5.5.0"
    resolved "https://registry.yarnpkg.com/supports-color/-/supports-color-5.5.0.tgz#e2e69a44ac8772f78a1ec0b35b689df6530efc8f"
    integrity sha512-QjVjwdXIt408MIiAqCX4oUKsgU2EqAGzs2Ppkm4aQYbjm+ZEWEcW4SfFNTr4uMNZma0ey4f5lgLrkB0aX0QMow==
    dependencies:
      has-flag "^3.0.0"
  
  supports-color@^6.1.0:
    version "6.1.0"
    resolved "https://registry.yarnpkg.com/supports-color/-/supports-color-6.1.0.tgz#0764abc69c63d5ac842dd4867e8d025e880df8f3"
    integrity sha512-qe1jfm1Mg7Nq/NSh6XE24gPXROEVsWHxC1LIx//XNlD9iw7YZQGjZNjYN7xGaEG6iKdA8EtNFW6R0gjnVXp+wQ==
    dependencies:
      has-flag "^3.0.0"
